--- REQUEST GET / ---
HEADERS:
BODY:
--- REQUEST GET /public/js/alerts.js ---
HEADERS:
BODY:
--- REQUEST GET /public/js/auto.js ---
HEADERS:
BODY:
--- REQUEST GET /public/js/home.js ---
HEADERS:
BODY:
--- REQUEST GET /api/users/@me ---
HEADERS:
BODY:
--- RESPONSE GET /api/users/@me ---
HEADERS:
{'Content-Type': 'application/json', 'Content-Length': '68'}
BODY:
{"avatar_url":"./public/img/default_avatar.webp","username":"test"}
--- REQUEST GET /logout ---
HEADERS:
BODY:
--- RESPONSE GET /logout ---
HEADERS:
BODY:
<!doctype html>
<html lang=en>
<title>Redirecting...</title>
<h1>Redirecting...</h1>
<p>You should be redirected automatically to the target URL: <a href="/login">/login</a>. If not, click the link.
--- REQUEST GET /login ---
HEADERS:
{'Host': 'localhost:8080', 'Connection': 'keep-alive', 'Upgrade-Insecure-Requests': '1', 'User-Agent': 'Mozilla/5.0 (Windows NT 10.0; Win64; x64) AppleWebKit/537.36 (KHTML, like Gecko) Chrome/135.0.0.0 Safari/537.36', 'Accept': 'text/html,application/xhtml+xml,application/xml;q=0.9,image/avif,image/webp,image/apng,*/*;q=0.8,application/signed-exchange;v=b3;q=0.7', 'Sec-Fetch-Site': 'same-origin', 'Sec-Fetch-Mode': 'navigate', 'Sec-Fetch-User': '?1', 'Sec-Fetch-Dest': 'document', 'Sec-Ch-Ua': '"Google Chrome";v="135", "Not-A.Brand";v="8", "Chromium";v="135"', 'Sec-Ch-Ua-Mobile': '?0', 'Sec-Ch-Ua-Platform': '"Windows"', 'Referer': 'http://localhost:8080/', 'Accept-Encoding': 'gzip, deflate, br, zstd', 'Accept-Language': 'en-US,en;q=0.9', 'If-None-Match': '"1746408202.0-6106-2338130478"', 'If-Modified-Since': 'Mon, 05 May 2025 01:23:22 GMT'}
--- REQUEST GET /public/js/alerts.js ---
HEADERS:
{'Host': 'localhost:8080', 'Connection': 'keep-alive', 'Origin': 'http://localhost:8080', 'Sec-Ch-Ua-Platform': '"Windows"', 'If-None-Match': '"1746408202.0-2866-1833634032"', 'User-Agent': 'Mozilla/5.0 (Windows NT 10.0; Win64; x64) AppleWebKit/537.36 (KHTML, like Gecko) Chrome/135.0.0.0 Safari/537.36', 'Sec-Ch-Ua': '"Google Chrome";v="135", "Not-A.Brand";v="8", "Chromium";v="135"', 'If-Modified-Since': 'Mon, 05 May 2025 01:23:22 GMT', 'Sec-Ch-Ua-Mobile': '?0', 'Accept': '*/*', 'Sec-Fetch-Site': 'same-origin', 'Sec-Fetch-Mode': 'cors', 'Sec-Fetch-Dest': 'script', 'Referer': 'http://localhost:8080/login', 'Accept-Encoding': 'gzip, deflate, br, zstd', 'Accept-Language': 'en-US,en;q=0.9'}
BODY:
--- REQUEST GET /public/js/home.js ---
HEADERS:
{'Host': 'localhost:8080', 'Connection': 'keep-alive', 'Origin': 'http://localhost:8080', 'Sec-Ch-Ua-Platform': '"Windows"', 'If-None-Match': '"1746408202.0-2229-1534461966"', 'User-Agent': 'Mozilla/5.0 (Windows NT 10.0; Win64; x64) AppleWebKit/537.36 (KHTML, like Gecko) Chrome/135.0.0.0 Safari/537.36', 'Sec-Ch-Ua': '"Google Chrome";v="135", "Not-A.Brand";v="8", "Chromium";v="135"', 'If-Modified-Since': 'Mon, 05 May 2025 01:23:22 GMT', 'Sec-Ch-Ua-Mobile': '?0', 'Accept': '*/*', 'Sec-Fetch-Site': 'same-origin', 'Sec-Fetch-Mode': 'cors', 'Sec-Fetch-Dest': 'script', 'Referer': 'http://localhost:8080/login', 'Accept-Encoding': 'gzip, deflate, br, zstd', 'Accept-Language': 'en-US,en;q=0.9'}
BODY:
--- REQUEST POST /login ---
HEADERS:
{'Host': 'localhost:8080', 'Connection': 'keep-alive', 'Content-Length': '42', 'Sec-Ch-Ua-Platform': '"Windows"', 'User-Agent': 'Mozilla/5.0 (Windows NT 10.0; Win64; x64) AppleWebKit/537.36 (KHTML, like Gecko) Chrome/135.0.0.0 Safari/537.36', 'Sec-Ch-Ua': '"Google Chrome";v="135", "Not-A.Brand";v="8", "Chromium";v="135"', 'Content-Type': 'application/json', 'Sec-Ch-Ua-Mobile': '?0', 'Accept': '*/*', 'Origin': 'http://localhost:8080', 'Sec-Fetch-Site': 'same-origin', 'Sec-Fetch-Mode': 'cors', 'Sec-Fetch-Dest': 'empty', 'Referer': 'http://localhost:8080/login', 'Accept-Encoding': 'gzip, deflate, br, zstd', 'Accept-Language': 'en-US,en;q=0.9'}
--- RESPONSE POST /login ---
HEADERS:
BODY:
{"message":"Login successful"}
--- REQUEST GET / ---
HEADERS:
BODY:
--- REQUEST GET /public/js/alerts.js ---
HEADERS:
BODY:
--- REQUEST GET /public/js/auto.js ---
HEADERS:
BODY:
--- REQUEST GET /public/js/home.js ---
HEADERS:
BODY:
--- REQUEST GET /api/users/@me ---
HEADERS:
BODY:
--- RESPONSE GET /api/users/@me ---
HEADERS:
{'Content-Type': 'application/json', 'Content-Length': '68'}
BODY:
{"avatar_url":"./public/img/default_avatar.webp","username":"test"}
--- REQUEST GET /create-room ---
HEADERS:
BODY:
--- REQUEST GET /public/js/alerts.js ---
HEADERS:
BODY:
--- REQUEST GET /public/js/home.js ---
HEADERS:
BODY:
--- REQUEST POST /create-room ---
HEADERS:
BODY:
{"room_name":"TEst1","room_type":"public","passcode":"","max_players":"6"}
--- RESPONSE POST /create-room ---
HEADERS:
{'Content-Type': 'application/json', 'Content-Length': '50'}
BODY:
{"roomId":"64ebf060-6f3c-4a55-9ae8-4d118010483f"}
--- REQUEST GET /room/64ebf060-6f3c-4a55-9ae8-4d118010483f ---
HEADERS:
BODY:
--- REQUEST GET /public/js/game.js ---
HEADERS:
BODY:
--- REQUEST GET /public/js/alerts.js ---
HEADERS:
BODY:
--- REQUEST GET /public/js/home.js ---
HEADERS:
BODY:
--- REQUEST GET /public/img/Map.png ---
HEADERS:
BODY:
--- REQUEST GET /public/img/Dead Character.png ---
HEADERS:
BODY:
--- REQUEST GET /public/img/Character.png ---
HEADERS:
BODY:
--- REQUEST GET /public/img/Finished Task.png ---
HEADERS:
BODY:
--- REQUEST GET /public/img/Unfinished Task.png ---
HEADERS:
BODY:
--- REQUEST GET /public/img/Emergency Button.png ---
HEADERS:
BODY:
--- REQUEST GET /create-room ---
HEADERS:
BODY:
--- REQUEST GET / ---
HEADERS:
BODY:
--- REQUEST GET /public/js/alerts.js ---
HEADERS:
BODY:
--- REQUEST GET /public/js/auto.js ---
HEADERS:
BODY:
--- REQUEST GET /public/js/home.js ---
HEADERS:
BODY:
--- REQUEST GET /api/users/@me ---
HEADERS:
BODY:
--- RESPONSE GET /api/users/@me ---
HEADERS:
{'Content-Type': 'application/json', 'Content-Length': '68'}
BODY:
{"avatar_url":"./public/img/default_avatar.webp","username":"test"}
--- REQUEST GET /settings ---
HEADERS:
BODY:
--- REQUEST GET /public/js/alerts.js ---
HEADERS:
BODY:
--- REQUEST GET /public/js/auto.js ---
HEADERS:
BODY:
--- REQUEST GET /public/img/default_avatar.webp ---
HEADERS:
BODY:
--- REQUEST GET /public/js/home.js ---
HEADERS:
BODY:
--- REQUEST GET /public/js/settings.js ---
HEADERS:
BODY:
--- REQUEST GET /api/users/@me ---
HEADERS:
BODY:
--- RESPONSE GET /api/users/@me ---
HEADERS:
{'Content-Type': 'application/json', 'Content-Length': '68'}
BODY:
{"avatar_url":"./public/img/default_avatar.webp","username":"test"}
--- REQUEST GET / ---
HEADERS:
BODY:
--- REQUEST GET /public/js/alerts.js ---
HEADERS:
BODY:
--- REQUEST GET /public/js/home.js ---
HEADERS:
BODY:
--- REQUEST GET /public/js/auto.js ---
HEADERS:
BODY:
--- REQUEST GET /api/users/@me ---
HEADERS:
BODY:
--- RESPONSE GET /api/users/@me ---
HEADERS:
{'Content-Type': 'application/json', 'Content-Length': '68'}
BODY:
{"avatar_url":"./public/img/default_avatar.webp","username":"test"}
